[35m[1mScanning dependencies of target _teamwork_generate_messages_check_deps_KeyData[0m
[35m[1mScanning dependencies of target std_msgs_generate_messages_cpp[0m
[  0%] Built target std_msgs_generate_messages_cpp
[  0%] Built target _teamwork_generate_messages_check_deps_KeyData
[35m[1mScanning dependencies of target std_msgs_generate_messages_nodejs[0m
[  0%] Built target std_msgs_generate_messages_nodejs
[35m[1mScanning dependencies of target std_msgs_generate_messages_lisp[0m
[35m[1mScanning dependencies of target std_msgs_generate_messages_eus[0m
[  0%] Built target std_msgs_generate_messages_eus
[  0%] Built target std_msgs_generate_messages_lisp
[35m[1mScanning dependencies of target std_msgs_generate_messages_py[0m
[  0%] Built target std_msgs_generate_messages_py
[35m[1mScanning dependencies of target teamwork_generate_messages_cpp[0m
[ 14%] [34m[1mGenerating C++ code from teamwork/KeyData.msg[0m
[35m[1mScanning dependencies of target teamwork_generate_messages_nodejs[0m
[ 28%] [34m[1mGenerating Javascript code from teamwork/KeyData.msg[0m
[35m[1mScanning dependencies of target teamwork_generate_messages_lisp[0m
[ 42%] [34m[1mGenerating Lisp code from teamwork/KeyData.msg[0m
[ 42%] Built target teamwork_generate_messages_nodejs
[35m[1mScanning dependencies of target teamwork_generate_messages_eus[0m
[ 42%] Built target teamwork_generate_messages_lisp
[ 57%] [34m[1mGenerating EusLisp code from teamwork/KeyData.msg[0m
[35m[1mScanning dependencies of target teamwork_generate_messages_py[0m
[ 71%] [34m[1mGenerating Python from MSG teamwork/KeyData[0m
[ 71%] Built target teamwork_generate_messages_cpp
[ 85%] [34m[1mGenerating EusLisp manifest code for teamwork[0m
[100%] [34m[1mGenerating Python msg __init__.py for teamwork[0m
[100%] Built target teamwork_generate_messages_py
[100%] Built target teamwork_generate_messages_eus
[35m[1mScanning dependencies of target teamwork_generate_messages[0m
[100%] Built target teamwork_generate_messages
